[ 2016-09-21T00:09:43+08:00 ] 127.0.0.1 /index.php/Admin/Role/add.html
ERR: 1064:You have an error in your SQL syntax; check the manual that corresponds to your MySQL server version for the right syntax to use near ') )' at line 1
 [ SQLËØ≠Âè• ] : SELECT * FROM `sp_auth` WHERE ( auth_pid > 0 and auth_id in() ) 

[ 2016-09-21T00:10:33+08:00 ] 127.0.0.1 /index.php/Admin/Role/add.html
ERR: 1048:Column 'role_auth_ids' cannot be null
 [ SQLËØ≠Âè• ] : INSERT INTO `sp_role` (`role_auth_ids`,`role_auth_ac`) VALUES (NULL,'Â-Â,-,d-d,d-d')

[ 2016-09-21T00:11:12+08:00 ] 127.0.0.1 /index.php/Admin/Role/add.html
ERR: 1048:Column 'role_auth_ids' cannot be null
 [ SQLËØ≠Âè• ] : INSERT INTO `sp_role` (`role_auth_ids`,`role_auth_ac`) VALUES (NULL,'Â-Â,-,d-d,d-d')

[ 2016-09-21T00:24:52+08:00 ] 127.0.0.1 /index.php/Admin/Role/add.html
ERR: Think\Model:addAuthÊñπÊ≥ï‰∏çÂ≠òÂú®ÔºÅ

[ 2016-09-21T10:27:50+08:00 ] 127.0.0.1 /index.php/Admin/Type/css/style.css
ERR: ÈùûÊ≥ïÊìç‰Ωú:css

[ 2016-09-21T10:27:50+08:00 ] 127.0.0.1 /index.php/Admin/Type/js/jquery.js
ERR: ÈùûÊ≥ïÊìç‰Ωú:js

[ 2016-09-21T12:35:01+08:00 ] 127.0.0.1 /index.php/Admin/Type/showLsit.html
ERR: ÈùûÊ≥ïÊìç‰Ωú:showLsit

[ 2016-09-21T12:35:17+08:00 ] 127.0.0.1 /index.php/Admin/Type/showLsit.html
ERR: ÈùûÊ≥ïÊìç‰Ωú:showLsit

[ 2016-09-21T12:35:33+08:00 ] 127.0.0.1 /index.php/Admin/Type/showLsit.html
ERR: ÈùûÊ≥ïÊìç‰Ωú:showLsit

[ 2016-09-21T12:36:52+08:00 ] 127.0.0.1 /index.php/Admin/Type/showLsit.html
ERR: ÈùûÊ≥ïÊìç‰Ωú:showLsit

[ 2016-09-21T16:54:22+08:00 ] 127.0.0.1 /index.php/Admin/Goods/getAttr/type_id/1
INFO: [ app_begin ] --START--
INFO: Run Behavior\ReadHtmlCacheBehavior [ RunTime:0.000894s ]
INFO: [ app_begin ] --END-- [ RunTime:0.001521s ]
SQL: SHOW COLUMNS FROM `sp_attribute` [ RunTime:0.0046s ]
ERR: 1064:You have an error in your SQL syntax; check the manual that corresponds to your MySQL server version for the right syntax to use near ')' at line 1
 [ SQLËØ≠Âè• ] : SELECT * FROM `sp_attribute` WHERE ( type_id = ) 
ERR: 1064:You have an error in your SQL syntax; check the manual that corresponds to your MySQL server version for the right syntax to use near ')' at line 1
 [ SQLËØ≠Âè• ] : SELECT * FROM `sp_attribute` WHERE ( type_id = ) 

[ 2016-09-21T16:55:22+08:00 ] 127.0.0.1 /index.php/Admin/Goods/getAttr/type_id/1
INFO: [ app_begin ] --START--
INFO: Run Behavior\ReadHtmlCacheBehavior [ RunTime:0.001314s ]
INFO: [ app_begin ] --END-- [ RunTime:0.002109s ]
SQL: SHOW COLUMNS FROM `sp_attribute` [ RunTime:0.0048s ]
SQL: SELECT * FROM `sp_attribute` WHERE ( type_id =1 )  [ RunTime:0.0005s ]
INFO: [ app_end ] --START--
INFO: Run Behavior\ShowPageTraceBehavior [ RunTime:0.001021s ]
INFO: [ app_end ] --END-- [ RunTime:0.001105s ]

[ 2016-09-21T16:57:21+08:00 ] 127.0.0.1 /index.php/Admin/Goods/getAttr/type_id/1
INFO: [ app_begin ] --START--
INFO: Run Behavior\ReadHtmlCacheBehavior [ RunTime:0.001063s ]
INFO: [ app_begin ] --END-- [ RunTime:0.001680s ]
SQL: SHOW COLUMNS FROM `sp_attribute` [ RunTime:0.0048s ]
SQL: SELECT * FROM `sp_attribute` WHERE ( type_id =1 )  [ RunTime:0.0005s ]
INFO: [ app_end ] --START--
INFO: Run Behavior\ShowPageTraceBehavior [ RunTime:0.001124s ]
INFO: [ app_end ] --END-- [ RunTime:0.001208s ]

[ 2016-09-21T17:03:00+08:00 ] 127.0.0.1 /index.php/Admin/Goods/getAttr/type_id/1
INFO: [ app_begin ] --START--
INFO: Run Behavior\ReadHtmlCacheBehavior [ RunTime:0.000901s ]
INFO: [ app_begin ] --END-- [ RunTime:0.001573s ]
SQL: SHOW COLUMNS FROM `sp_attribute` [ RunTime:0.0045s ]
SQL: SELECT * FROM `sp_attribute` WHERE ( type_id =1 )  [ RunTime:0.0005s ]
INFO: [ app_end ] --START--
INFO: Run Behavior\ShowPageTraceBehavior [ RunTime:0.000890s ]
INFO: [ app_end ] --END-- [ RunTime:0.000970s ]

[ 2016-09-21T17:03:37+08:00 ] 127.0.0.1 /index.php/Admin/Goods/getAttr/type_id/2
INFO: [ app_begin ] --START--
INFO: Run Behavior\ReadHtmlCacheBehavior [ RunTime:0.000889s ]
INFO: [ app_begin ] --END-- [ RunTime:0.001586s ]
SQL: SHOW COLUMNS FROM `sp_attribute` [ RunTime:0.0041s ]
SQL: SELECT * FROM `sp_attribute` WHERE ( type_id =2 )  [ RunTime:0.0004s ]
INFO: [ app_end ] --START--
INFO: Run Behavior\ShowPageTraceBehavior [ RunTime:0.000935s ]
INFO: [ app_end ] --END-- [ RunTime:0.001043s ]

[ 2016-09-21T17:03:44+08:00 ] 127.0.0.1 /index.php/Admin/Goods/getAttr/type_id/1
INFO: [ app_begin ] --START--
INFO: Run Behavior\ReadHtmlCacheBehavior [ RunTime:0.000817s ]
INFO: [ app_begin ] --END-- [ RunTime:0.001643s ]
SQL: SHOW COLUMNS FROM `sp_attribute` [ RunTime:0.0047s ]
SQL: SELECT * FROM `sp_attribute` WHERE ( type_id =1 )  [ RunTime:0.0005s ]
INFO: [ app_end ] --START--
INFO: Run Behavior\ShowPageTraceBehavior [ RunTime:0.000910s ]
INFO: [ app_end ] --END-- [ RunTime:0.000995s ]

[ 2016-09-21T17:03:57+08:00 ] 127.0.0.1 /index.php/Admin/Goods/getAttr/type_id/2
INFO: [ app_begin ] --START--
INFO: Run Behavior\ReadHtmlCacheBehavior [ RunTime:0.000848s ]
INFO: [ app_begin ] --END-- [ RunTime:0.001489s ]
SQL: SHOW COLUMNS FROM `sp_attribute` [ RunTime:0.0049s ]
SQL: SELECT * FROM `sp_attribute` WHERE ( type_id =2 )  [ RunTime:0.0004s ]
INFO: [ app_end ] --START--
INFO: Run Behavior\ShowPageTraceBehavior [ RunTime:0.001063s ]
INFO: [ app_end ] --END-- [ RunTime:0.001149s ]

[ 2016-09-21T17:04:28+08:00 ] 127.0.0.1 /index.php/Admin/Goods/getAttr/type_id/1
INFO: [ app_begin ] --START--
INFO: Run Behavior\ReadHtmlCacheBehavior [ RunTime:0.000879s ]
INFO: [ app_begin ] --END-- [ RunTime:0.001588s ]
SQL: SHOW COLUMNS FROM `sp_attribute` [ RunTime:0.0061s ]
SQL: SELECT * FROM `sp_attribute` WHERE ( type_id =1 )  [ RunTime:0.0005s ]
INFO: [ app_end ] --START--
INFO: Run Behavior\ShowPageTraceBehavior [ RunTime:0.001077s ]
INFO: [ app_end ] --END-- [ RunTime:0.001160s ]

[ 2016-09-21T17:04:33+08:00 ] 127.0.0.1 /index.php/Admin/Goods/getAttr/type_id/1
INFO: [ app_begin ] --START--
INFO: Run Behavior\ReadHtmlCacheBehavior [ RunTime:0.001504s ]
INFO: [ app_begin ] --END-- [ RunTime:0.003458s ]
SQL: SHOW COLUMNS FROM `sp_attribute` [ RunTime:0.0042s ]
SQL: SELECT * FROM `sp_attribute` WHERE ( type_id =1 )  [ RunTime:0.0004s ]
INFO: [ app_end ] --START--
INFO: Run Behavior\ShowPageTraceBehavior [ RunTime:0.000956s ]
INFO: [ app_end ] --END-- [ RunTime:0.001035s ]

[ 2016-09-21T17:08:01+08:00 ] 127.0.0.1 /index.php/Admin/Goods/getAttr/type_id/1
INFO: [ app_begin ] --START--
INFO: Run Behavior\ReadHtmlCacheBehavior [ RunTime:0.001773s ]
INFO: [ app_begin ] --END-- [ RunTime:0.002770s ]
SQL: SHOW COLUMNS FROM `sp_attribute` [ RunTime:0.0055s ]
SQL: SELECT * FROM `sp_attribute` WHERE ( type_id =1 )  [ RunTime:0.0005s ]
INFO: [ app_end ] --START--
INFO: Run Behavior\ShowPageTraceBehavior [ RunTime:0.001083s ]
INFO: [ app_end ] --END-- [ RunTime:0.001170s ]

[ 2016-09-21T17:19:26+08:00 ] 127.0.0.1 /index.php/Admin/Goods/getAttr/type_id/1
INFO: [ app_begin ] --START--
INFO: Run Behavior\ReadHtmlCacheBehavior [ RunTime:0.001166s ]
INFO: [ app_begin ] --END-- [ RunTime:0.001913s ]
SQL: SHOW COLUMNS FROM `sp_attribute` [ RunTime:0.0044s ]
SQL: SELECT * FROM `sp_attribute` WHERE ( type_id =1 )  [ RunTime:0.0005s ]
INFO: [ app_end ] --START--
INFO: Run Behavior\ShowPageTraceBehavior [ RunTime:0.001041s ]
INFO: [ app_end ] --END-- [ RunTime:0.001127s ]

[ 2016-09-21T17:20:39+08:00 ] 127.0.0.1 /index.php/Admin/Goods/getAttr/type_id/1
INFO: [ app_begin ] --START--
INFO: Run Behavior\ReadHtmlCacheBehavior [ RunTime:0.000859s ]
INFO: [ app_begin ] --END-- [ RunTime:0.001544s ]
SQL: SHOW COLUMNS FROM `sp_attribute` [ RunTime:0.0044s ]
SQL: SELECT * FROM `sp_attribute` WHERE ( type_id =1 )  [ RunTime:0.0005s ]
INFO: [ app_end ] --START--
INFO: Run Behavior\ShowPageTraceBehavior [ RunTime:0.001157s ]
INFO: [ app_end ] --END-- [ RunTime:0.001240s ]

[ 2016-09-21T17:20:53+08:00 ] 127.0.0.1 /index.php/Admin/Goods/getAttr/type_id/2
INFO: [ app_begin ] --START--
INFO: Run Behavior\ReadHtmlCacheBehavior [ RunTime:0.000900s ]
INFO: [ app_begin ] --END-- [ RunTime:0.001763s ]
SQL: SHOW COLUMNS FROM `sp_attribute` [ RunTime:0.0043s ]
SQL: SELECT * FROM `sp_attribute` WHERE ( type_id =2 )  [ RunTime:0.0004s ]
INFO: [ app_end ] --START--
INFO: Run Behavior\ShowPageTraceBehavior [ RunTime:0.001126s ]
INFO: [ app_end ] --END-- [ RunTime:0.001211s ]

[ 2016-09-21T17:21:25+08:00 ] 127.0.0.1 /index.php/Admin/Goods/getAttr/type_id/3
INFO: [ app_begin ] --START--
INFO: Run Behavior\ReadHtmlCacheBehavior [ RunTime:0.001522s ]
INFO: [ app_begin ] --END-- [ RunTime:0.002274s ]
SQL: SHOW COLUMNS FROM `sp_attribute` [ RunTime:0.0044s ]
SQL: SELECT * FROM `sp_attribute` WHERE ( type_id =3 )  [ RunTime:0.0004s ]
INFO: [ app_end ] --START--
INFO: Run Behavior\ShowPageTraceBehavior [ RunTime:0.001147s ]
INFO: [ app_end ] --END-- [ RunTime:0.001228s ]

[ 2016-09-21T17:21:32+08:00 ] 127.0.0.1 /index.php/Admin/Goods/getAttr/type_id/3
INFO: [ app_begin ] --START--
INFO: Run Behavior\ReadHtmlCacheBehavior [ RunTime:0.001234s ]
INFO: [ app_begin ] --END-- [ RunTime:0.002277s ]
SQL: SHOW COLUMNS FROM `sp_attribute` [ RunTime:0.0044s ]
SQL: SELECT * FROM `sp_attribute` WHERE ( type_id =3 )  [ RunTime:0.0004s ]
INFO: [ app_end ] --START--
INFO: Run Behavior\ShowPageTraceBehavior [ RunTime:0.001055s ]
INFO: [ app_end ] --END-- [ RunTime:0.001146s ]

[ 2016-09-21T18:10:27+08:00 ] 127.0.0.1 /index.php/Admin/Goods/getAttr/type_id/1
INFO: [ app_begin ] --START--
INFO: Run Behavior\ReadHtmlCacheBehavior [ RunTime:0.000987s ]
INFO: [ app_begin ] --END-- [ RunTime:0.001700s ]
SQL: SHOW COLUMNS FROM `sp_attribute` [ RunTime:0.0046s ]
SQL: SELECT * FROM `sp_attribute` WHERE ( type_id =1 )  [ RunTime:0.0005s ]
INFO: [ app_end ] --START--
INFO: Run Behavior\ShowPageTraceBehavior [ RunTime:0.001109s ]
INFO: [ app_end ] --END-- [ RunTime:0.001197s ]

[ 2016-09-21T19:52:42+08:00 ] 127.0.0.1 /index.php/Admin/Goods/getAttr/type_id/1
INFO: [ app_begin ] --START--
INFO: Run Behavior\ReadHtmlCacheBehavior [ RunTime:0.000823s ]
INFO: [ app_begin ] --END-- [ RunTime:0.001468s ]
SQL: SHOW COLUMNS FROM `sp_attribute` [ RunTime:0.1263s ]
SQL: SELECT * FROM `sp_attribute` WHERE ( type_id =1 )  [ RunTime:0.0010s ]
INFO: [ app_end ] --START--
INFO: Run Behavior\ShowPageTraceBehavior [ RunTime:0.001988s ]
INFO: [ app_end ] --END-- [ RunTime:0.002173s ]

[ 2016-09-21T19:53:05+08:00 ] 127.0.0.1 /index.php/Admin/Goods/getAttr/type_id/1
INFO: [ app_begin ] --START--
INFO: Run Behavior\ReadHtmlCacheBehavior [ RunTime:0.000753s ]
INFO: [ app_begin ] --END-- [ RunTime:0.001331s ]
SQL: SHOW COLUMNS FROM `sp_attribute` [ RunTime:0.0042s ]
SQL: SELECT * FROM `sp_attribute` WHERE ( type_id =1 )  [ RunTime:0.0005s ]
INFO: [ app_end ] --START--
INFO: Run Behavior\ShowPageTraceBehavior [ RunTime:0.000878s ]
INFO: [ app_end ] --END-- [ RunTime:0.000960s ]

[ 2016-09-21T20:02:41+08:00 ] 127.0.0.1 /index.php/Admin/Goods/getAttr/type_id/1
INFO: [ app_begin ] --START--
INFO: Run Behavior\ReadHtmlCacheBehavior [ RunTime:0.001166s ]
INFO: [ app_begin ] --END-- [ RunTime:0.002021s ]
SQL: SHOW COLUMNS FROM `sp_attribute` [ RunTime:0.0041s ]
SQL: SELECT * FROM `sp_attribute` WHERE ( type_id =1 )  [ RunTime:0.0005s ]
INFO: [ app_end ] --START--
INFO: Run Behavior\ShowPageTraceBehavior [ RunTime:0.001045s ]
INFO: [ app_end ] --END-- [ RunTime:0.001129s ]

[ 2016-09-21T21:46:45+08:00 ] 127.0.0.1 /index.php/Admin/Goods/getAttr/type_id/1
INFO: [ app_begin ] --START--
INFO: Run Behavior\ReadHtmlCacheBehavior [ RunTime:0.001112s ]
INFO: [ app_begin ] --END-- [ RunTime:0.002418s ]
SQL: SHOW COLUMNS FROM `sp_attribute` [ RunTime:0.1897s ]
SQL: SELECT * FROM `sp_attribute` WHERE ( type_id =1 )  [ RunTime:0.0004s ]
INFO: [ app_end ] --START--
INFO: Run Behavior\ShowPageTraceBehavior [ RunTime:0.000887s ]
INFO: [ app_end ] --END-- [ RunTime:0.000965s ]

[ 2016-09-21T21:47:25+08:00 ] 127.0.0.1 /index.php/Admin/Goods/getAttr/type_id/1
INFO: [ app_begin ] --START--
INFO: Run Behavior\ReadHtmlCacheBehavior [ RunTime:0.001267s ]
INFO: [ app_begin ] --END-- [ RunTime:0.002203s ]
SQL: SHOW COLUMNS FROM `sp_attribute` [ RunTime:0.0131s ]
SQL: SELECT * FROM `sp_attribute` WHERE ( type_id =1 )  [ RunTime:0.0006s ]
INFO: [ app_end ] --START--
INFO: Run Behavior\ShowPageTraceBehavior [ RunTime:0.001151s ]
INFO: [ app_end ] --END-- [ RunTime:0.001279s ]

[ 2016-09-21T21:47:57+08:00 ] 127.0.0.1 /index.php/Admin/Goods/getAttr/type_id/1
INFO: [ app_begin ] --START--
INFO: Run Behavior\ReadHtmlCacheBehavior [ RunTime:0.002012s ]
INFO: [ app_begin ] --END-- [ RunTime:0.002930s ]
SQL: SHOW COLUMNS FROM `sp_attribute` [ RunTime:0.0084s ]
SQL: SELECT * FROM `sp_attribute` WHERE ( type_id =1 )  [ RunTime:0.0007s ]
INFO: [ app_end ] --START--
INFO: Run Behavior\ShowPageTraceBehavior [ RunTime:0.001246s ]
INFO: [ app_end ] --END-- [ RunTime:0.001350s ]

[ 2016-09-21T21:48:53+08:00 ] 127.0.0.1 /index.php/Admin/Goods/getAttr/type_id/1
INFO: [ app_begin ] --START--
INFO: Run Behavior\ReadHtmlCacheBehavior [ RunTime:0.001131s ]
INFO: [ app_begin ] --END-- [ RunTime:0.001875s ]
SQL: SHOW COLUMNS FROM `sp_attribute` [ RunTime:0.0089s ]
SQL: SELECT * FROM `sp_attribute` WHERE ( type_id =1 )  [ RunTime:0.0005s ]
INFO: [ app_end ] --START--
INFO: Run Behavior\ShowPageTraceBehavior [ RunTime:0.001748s ]
INFO: [ app_end ] --END-- [ RunTime:0.001877s ]

[ 2016-09-21T21:49:30+08:00 ] 127.0.0.1 /index.php/Admin/Goods/getAttr/type_id/1
INFO: [ app_begin ] --START--
INFO: Run Behavior\ReadHtmlCacheBehavior [ RunTime:0.001469s ]
INFO: [ app_begin ] --END-- [ RunTime:0.002338s ]
SQL: SHOW COLUMNS FROM `sp_attribute` [ RunTime:0.0086s ]
SQL: SELECT * FROM `sp_attribute` WHERE ( type_id =1 )  [ RunTime:0.0005s ]
INFO: [ app_end ] --START--
INFO: Run Behavior\ShowPageTraceBehavior [ RunTime:0.001007s ]
INFO: [ app_end ] --END-- [ RunTime:0.001089s ]

[ 2016-09-21T21:49:57+08:00 ] 127.0.0.1 /index.php/Admin/Category/showlist
ERR: Êó†Ê≥ïÂä†ËΩΩÊéßÂà∂Âô®:Category

[ 2016-09-21T21:50:50+08:00 ] 127.0.0.1 /index.php/Admin/Goods/getAttr/type_id/1
INFO: [ app_begin ] --START--
INFO: Run Behavior\ReadHtmlCacheBehavior [ RunTime:0.001238s ]
INFO: [ app_begin ] --END-- [ RunTime:0.001989s ]
SQL: SHOW COLUMNS FROM `sp_attribute` [ RunTime:0.0107s ]
SQL: SELECT * FROM `sp_attribute` WHERE ( type_id =1 )  [ RunTime:0.0005s ]
INFO: [ app_end ] --START--
INFO: Run Behavior\ShowPageTraceBehavior [ RunTime:0.001037s ]
INFO: [ app_end ] --END-- [ RunTime:0.001122s ]

[ 2016-09-21T21:51:24+08:00 ] 127.0.0.1 /index.php/Admin/Goods/getAttr/type_id/1
INFO: [ app_begin ] --START--
INFO: Run Behavior\ReadHtmlCacheBehavior [ RunTime:0.001553s ]
INFO: [ app_begin ] --END-- [ RunTime:0.002470s ]
SQL: SHOW COLUMNS FROM `sp_attribute` [ RunTime:0.0094s ]
SQL: SELECT * FROM `sp_attribute` WHERE ( type_id =1 )  [ RunTime:0.0005s ]
INFO: [ app_end ] --START--
INFO: Run Behavior\ShowPageTraceBehavior [ RunTime:0.001049s ]
INFO: [ app_end ] --END-- [ RunTime:0.001134s ]

[ 2016-09-21T21:52:05+08:00 ] 127.0.0.1 /index.php/Admin/Goods/getAttr/type_id/1
INFO: [ app_begin ] --START--
INFO: Run Behavior\ReadHtmlCacheBehavior [ RunTime:0.000974s ]
INFO: [ app_begin ] --END-- [ RunTime:0.001722s ]
SQL: SHOW COLUMNS FROM `sp_attribute` [ RunTime:0.0093s ]
SQL: SELECT * FROM `sp_attribute` WHERE ( type_id =1 )  [ RunTime:0.0005s ]
INFO: [ app_end ] --START--
INFO: Run Behavior\ShowPageTraceBehavior [ RunTime:0.000985s ]
INFO: [ app_end ] --END-- [ RunTime:0.001067s ]

[ 2016-09-21T21:54:29+08:00 ] 127.0.0.1 /index.php/Admin/Goods/getAttr/type_id/1
INFO: [ app_begin ] --START--
INFO: Run Behavior\ReadHtmlCacheBehavior [ RunTime:0.001251s ]
INFO: [ app_begin ] --END-- [ RunTime:0.002136s ]
SQL: SHOW COLUMNS FROM `sp_attribute` [ RunTime:0.0110s ]
SQL: SELECT * FROM `sp_attribute` WHERE ( type_id =1 )  [ RunTime:0.0005s ]
INFO: [ app_end ] --START--
INFO: Run Behavior\ShowPageTraceBehavior [ RunTime:0.001059s ]
INFO: [ app_end ] --END-- [ RunTime:0.001146s ]

[ 2016-09-21T21:55:39+08:00 ] 127.0.0.1 /index.php/Admin/Goods/getAttr/type_id/1
INFO: [ app_begin ] --START--
INFO: Run Behavior\ReadHtmlCacheBehavior [ RunTime:0.000834s ]
INFO: [ app_begin ] --END-- [ RunTime:0.001618s ]
SQL: SHOW COLUMNS FROM `sp_attribute` [ RunTime:0.0087s ]
SQL: SELECT * FROM `sp_attribute` WHERE ( type_id =1 )  [ RunTime:0.0005s ]
INFO: [ app_end ] --START--
INFO: Run Behavior\ShowPageTraceBehavior [ RunTime:0.001014s ]
INFO: [ app_end ] --END-- [ RunTime:0.001103s ]

[ 2016-09-21T21:57:36+08:00 ] 127.0.0.1 /index.php/Admin/Goods/getAttr/type_id/1
INFO: [ app_begin ] --START--
INFO: Run Behavior\ReadHtmlCacheBehavior [ RunTime:0.001155s ]
INFO: [ app_begin ] --END-- [ RunTime:0.002162s ]
SQL: SHOW COLUMNS FROM `sp_attribute` [ RunTime:0.0088s ]
SQL: SELECT * FROM `sp_attribute` WHERE ( type_id =1 )  [ RunTime:0.0005s ]
INFO: [ app_end ] --START--
INFO: Run Behavior\ShowPageTraceBehavior [ RunTime:0.001058s ]
INFO: [ app_end ] --END-- [ RunTime:0.001145s ]

[ 2016-09-21T21:58:28+08:00 ] 127.0.0.1 /index.php/Admin/Goods/getAttr/type_id/1
INFO: [ app_begin ] --START--
INFO: Run Behavior\ReadHtmlCacheBehavior [ RunTime:0.000881s ]
INFO: [ app_begin ] --END-- [ RunTime:0.001500s ]
SQL: SHOW COLUMNS FROM `sp_attribute` [ RunTime:0.0082s ]
SQL: SELECT * FROM `sp_attribute` WHERE ( type_id =1 )  [ RunTime:0.0005s ]
INFO: [ app_end ] --START--
INFO: Run Behavior\ShowPageTraceBehavior [ RunTime:0.001017s ]
INFO: [ app_end ] --END-- [ RunTime:0.001102s ]

[ 2016-09-21T22:01:03+08:00 ] 127.0.0.1 /index.php/Admin/Goods/getAttr/type_id/1
INFO: [ app_begin ] --START--
INFO: Run Behavior\ReadHtmlCacheBehavior [ RunTime:0.001644s ]
INFO: [ app_begin ] --END-- [ RunTime:0.002817s ]
SQL: SHOW COLUMNS FROM `sp_attribute` [ RunTime:0.0086s ]
SQL: SELECT * FROM `sp_attribute` WHERE ( type_id =1 )  [ RunTime:0.0005s ]
INFO: [ app_end ] --START--
INFO: Run Behavior\ShowPageTraceBehavior [ RunTime:0.001085s ]
INFO: [ app_end ] --END-- [ RunTime:0.001173s ]

[ 2016-09-21T22:02:00+08:00 ] 127.0.0.1 /index.php/Admin/Goods/getAttr/type_id/1
INFO: [ app_begin ] --START--
INFO: Run Behavior\ReadHtmlCacheBehavior [ RunTime:0.000846s ]
INFO: [ app_begin ] --END-- [ RunTime:0.001517s ]
SQL: SHOW COLUMNS FROM `sp_attribute` [ RunTime:0.0087s ]
SQL: SELECT * FROM `sp_attribute` WHERE ( type_id =1 )  [ RunTime:0.0005s ]
INFO: [ app_end ] --START--
INFO: Run Behavior\ShowPageTraceBehavior [ RunTime:0.000932s ]
INFO: [ app_end ] --END-- [ RunTime:0.001019s ]

[ 2016-09-21T22:03:16+08:00 ] 127.0.0.1 /index.php/Admin/Goods/getAttr/type_id/1
INFO: [ app_begin ] --START--
INFO: Run Behavior\ReadHtmlCacheBehavior [ RunTime:0.001018s ]
INFO: [ app_begin ] --END-- [ RunTime:0.001752s ]
SQL: SHOW COLUMNS FROM `sp_attribute` [ RunTime:0.0083s ]
SQL: SELECT * FROM `sp_attribute` WHERE ( type_id =1 )  [ RunTime:0.0005s ]
INFO: [ app_end ] --START--
INFO: Run Behavior\ShowPageTraceBehavior [ RunTime:0.001131s ]
INFO: [ app_end ] --END-- [ RunTime:0.001217s ]

[ 2016-09-21T22:03:55+08:00 ] 127.0.0.1 /index.php/Admin/Goods/getAttr/type_id/1
INFO: [ app_begin ] --START--
INFO: Run Behavior\ReadHtmlCacheBehavior [ RunTime:0.001308s ]
INFO: [ app_begin ] --END-- [ RunTime:0.002462s ]
SQL: SHOW COLUMNS FROM `sp_attribute` [ RunTime:0.0086s ]
SQL: SELECT * FROM `sp_attribute` WHERE ( type_id =1 )  [ RunTime:0.0005s ]
INFO: [ app_end ] --START--
INFO: Run Behavior\ShowPageTraceBehavior [ RunTime:0.000983s ]
INFO: [ app_end ] --END-- [ RunTime:0.001068s ]

[ 2016-09-21T22:04:42+08:00 ] 127.0.0.1 /index.php/Admin/Goods/getAttr/type_id/1
INFO: [ app_begin ] --START--
INFO: Run Behavior\ReadHtmlCacheBehavior [ RunTime:0.000891s ]
INFO: [ app_begin ] --END-- [ RunTime:0.001573s ]
SQL: SHOW COLUMNS FROM `sp_attribute` [ RunTime:0.0084s ]
SQL: SELECT * FROM `sp_attribute` WHERE ( type_id =1 )  [ RunTime:0.0005s ]
INFO: [ app_end ] --START--
INFO: Run Behavior\ShowPageTraceBehavior [ RunTime:0.000948s ]
INFO: [ app_end ] --END-- [ RunTime:0.001033s ]

[ 2016-09-21T22:17:55+08:00 ] 127.0.0.1 /index.php/Admin/Goods/getAttr/type_id/1
INFO: [ app_begin ] --START--
INFO: Run Behavior\ReadHtmlCacheBehavior [ RunTime:0.001021s ]
INFO: [ app_begin ] --END-- [ RunTime:0.001757s ]
SQL: SHOW COLUMNS FROM `sp_attribute` [ RunTime:0.0083s ]
SQL: SELECT * FROM `sp_attribute` WHERE ( type_id =1 )  [ RunTime:0.0004s ]
INFO: [ app_end ] --START--
INFO: Run Behavior\ShowPageTraceBehavior [ RunTime:0.001074s ]
INFO: [ app_end ] --END-- [ RunTime:0.001158s ]

[ 2016-09-21T22:18:32+08:00 ] 127.0.0.1 /index.php/Admin/Goods/getAttr/type_id/1
INFO: [ app_begin ] --START--
INFO: Run Behavior\ReadHtmlCacheBehavior [ RunTime:0.001012s ]
INFO: [ app_begin ] --END-- [ RunTime:0.001740s ]
SQL: SHOW COLUMNS FROM `sp_attribute` [ RunTime:0.0091s ]
SQL: SELECT * FROM `sp_attribute` WHERE ( type_id =1 )  [ RunTime:0.0005s ]
INFO: [ app_end ] --START--
INFO: Run Behavior\ShowPageTraceBehavior [ RunTime:0.001081s ]
INFO: [ app_end ] --END-- [ RunTime:0.001165s ]

[ 2016-09-21T22:19:23+08:00 ] 127.0.0.1 /index.php/Admin/Goods/getAttr/type_id/1
INFO: [ app_begin ] --START--
INFO: Run Behavior\ReadHtmlCacheBehavior [ RunTime:0.000915s ]
INFO: [ app_begin ] --END-- [ RunTime:0.001687s ]
SQL: SHOW COLUMNS FROM `sp_attribute` [ RunTime:0.0088s ]
SQL: SELECT * FROM `sp_attribute` WHERE ( type_id =1 )  [ RunTime:0.0005s ]
INFO: [ app_end ] --START--
INFO: Run Behavior\ShowPageTraceBehavior [ RunTime:0.001023s ]
INFO: [ app_end ] --END-- [ RunTime:0.001112s ]

[ 2016-09-21T22:20:20+08:00 ] 127.0.0.1 /index.php/Admin/Goods/getAttr/type_id/1
INFO: [ app_begin ] --START--
INFO: Run Behavior\ReadHtmlCacheBehavior [ RunTime:0.000804s ]
INFO: [ app_begin ] --END-- [ RunTime:0.001431s ]
SQL: SHOW COLUMNS FROM `sp_attribute` [ RunTime:0.0085s ]
SQL: SELECT * FROM `sp_attribute` WHERE ( type_id =1 )  [ RunTime:0.0005s ]
INFO: [ app_end ] --START--
INFO: Run Behavior\ShowPageTraceBehavior [ RunTime:0.000961s ]
INFO: [ app_end ] --END-- [ RunTime:0.001048s ]

[ 2016-09-21T22:21:28+08:00 ] 127.0.0.1 /index.php/Admin/Goods/getAttr/type_id/1
INFO: [ app_begin ] --START--
INFO: Run Behavior\ReadHtmlCacheBehavior [ RunTime:0.000866s ]
INFO: [ app_begin ] --END-- [ RunTime:0.001447s ]
SQL: SHOW COLUMNS FROM `sp_attribute` [ RunTime:0.0086s ]
SQL: SELECT * FROM `sp_attribute` WHERE ( type_id =1 )  [ RunTime:0.0005s ]
INFO: [ app_end ] --START--
INFO: Run Behavior\ShowPageTraceBehavior [ RunTime:0.000967s ]
INFO: [ app_end ] --END-- [ RunTime:0.001053s ]

[ 2016-09-21T22:29:11+08:00 ] 127.0.0.1 /index.php/Admin/Goods/getAttr/type_id/1
INFO: [ app_begin ] --START--
INFO: Run Behavior\ReadHtmlCacheBehavior [ RunTime:0.000954s ]
INFO: [ app_begin ] --END-- [ RunTime:0.001631s ]
SQL: SHOW COLUMNS FROM `sp_attribute` [ RunTime:0.0090s ]
SQL: SELECT * FROM `sp_attribute` WHERE ( type_id =1 )  [ RunTime:0.0005s ]
INFO: [ app_end ] --START--
INFO: Run Behavior\ShowPageTraceBehavior [ RunTime:0.001049s ]
INFO: [ app_end ] --END-- [ RunTime:0.001133s ]

